src/components/common/ResponsiveGrid.tsx(248,8): error TS2322: Type '{ children: ReactNode; ref?: ((instance: HTMLDivElement | null) => void) | RefObject<HTMLDivElement> | null | undefined; ... 372 more ...; unstable_level?: number | undefined; }' is not assignable to type 'DetailedHTMLProps<HTMLAttributes<HTMLDivElement>, HTMLDivElement>'.
  Type '{ children: ReactNode; ref?: ((instance: HTMLDivElement | null) => void) | RefObject<HTMLDivElement> | null | undefined; ... 372 more ...; unstable_level?: number | undefined; }' is not assignable to type 'HTMLAttributes<HTMLDivElement>'.
    Types of property 'color' are incompatible.
      Type 'ResponsiveStyleValue<readonly string[] | Color | undefined> | ((theme: Theme) => ResponsiveStyleValue<readonly string[] | Color | undefined>)' is not assignable to type 'string | undefined'.
        Type 'readonly string[]' is not assignable to type 'string'.
src/components/common/ResponsiveGrid.tsx(256,12): error TS2322: Type '{ columns?: undefined; columnGap?: undefined; '& > *'?: undefined; } | { columns?: undefined; columnGap?: undefined; '& > *'?: undefined; } | { clipPath?: ResponsiveStyleValue<readonly string[] | ClipPath | undefined> | ((theme: Theme) => ResponsiveStyleValue<...>) | null; ... 845 more ...; '& > *'?: undefined; } | ...' is not assignable to type 'CSSProperties | undefined'.
  Type '{ clipPath?: ResponsiveStyleValue<readonly string[] | Property.ClipPath | undefined> | ((theme: Theme) => ResponsiveStyleValue<readonly string[] | Property.ClipPath | undefined>) | null; ... 845 more ...; '& > *'?: undefined; }' is not assignable to type 'Properties<string | number, string & {}>'.
    Types of property 'accentColor' are incompatible.
      Type 'ResponsiveStyleValue<readonly string[] | AccentColor | undefined> | ((theme: Theme) => ResponsiveStyleValue<readonly string[] | AccentColor | undefined>) | null' is not assignable to type 'AccentColor | undefined'.
        Type 'null' is not assignable to type 'AccentColor | undefined'.
src/components/common/VirtualizedTable.tsx(27,10): error TS2305: Module '"../../hooks/usePerformance"' has no exported member 'useTableData'.
src/components/common/VirtualizedTable.tsx(372,11): error TS2769: No overload matches this call.
  Overload 2 of 2, '(props: FixedSizeListProps<{ items: unknown[]; columns: Column<unknown>[]; selectedRows: Set<string | number>; onRowSelect?: ((rowId: string | number, selected: boolean) => void) | undefined; onRowClick?: ((row: unknown, index: number) => void) | undefined; ... 4 more ...; striped: boolean; }>, context: any): FixedSizeList<...>', gave the following error.
    Type 'Column<T>[]' is not assignable to type 'Column<unknown>[]'.
  Overload 2 of 2, '(props: FixedSizeListProps<{ items: unknown[]; columns: Column<unknown>[]; selectedRows: Set<string | number>; onRowSelect?: ((rowId: string | number, selected: boolean) => void) | undefined; onRowClick?: ((row: unknown, index: number) => void) | undefined; ... 4 more ...; striped: boolean; }>, context: any): FixedSizeList<...>', gave the following error.
    Type '((row: T, index: number) => void) | undefined' is not assignable to type '((row: unknown, index: number) => void) | undefined'.
  Overload 2 of 2, '(props: FixedSizeListProps<{ items: unknown[]; columns: Column<unknown>[]; selectedRows: Set<string | number>; onRowSelect?: ((rowId: string | number, selected: boolean) => void) | undefined; onRowClick?: ((row: unknown, index: number) => void) | undefined; ... 4 more ...; striped: boolean; }>, context: any): FixedSizeList<...>', gave the following error.
    Type '((row: T, index: number) => void) | undefined' is not assignable to type '((row: unknown, index: number) => void) | undefined'.
  Overload 2 of 2, '(props: FixedSizeListProps<{ items: unknown[]; columns: Column<unknown>[]; selectedRows: Set<string | number>; onRowSelect?: ((rowId: string | number, selected: boolean) => void) | undefined; onRowClick?: ((row: unknown, index: number) => void) | undefined; ... 4 more ...; striped: boolean; }>, context: any): FixedSizeList<...>', gave the following error.
    Type '(row: T, index: number) => string | number' is not assignable to type '(row: unknown, index: number) => string | number'.
src/components/leave/__tests__/LeaveAnalytics.test.tsx(91,5): error TS2304: Cannot find name 'fireEvent'.
src/components/leave/__tests__/LeaveAnalytics.test.tsx(95,5): error TS2304: Cannot find name 'fireEvent'.
src/components/leave/__tests__/LeaveAnalytics.test.tsx(106,15): error TS2304: Cannot find name 'useLeaveManagement'.
src/components/leave/__tests__/LeaveAnalytics.test.tsx(121,15): error TS2304: Cannot find name 'useLeaveManagement'.
src/components/leave/__tests__/LeaveAnalytics.test.tsx(146,5): error TS2304: Cannot find name 'fireEvent'.
src/components/leave/__tests__/LeaveAnalytics.test.tsx(159,5): error TS2304: Cannot find name 'fireEvent'.
src/components/leave/__tests__/LeaveAnalytics.test.tsx(163,5): error TS2304: Cannot find name 'fireEvent'.
src/components/leave/__tests__/LeaveBalance.test.tsx(2,30): error TS2307: Cannot find module '../LeaveBalance' or its corresponding type declarations.
src/components/leave/__tests__/LeaveBalance.test.tsx(89,15): error TS2304: Cannot find name 'useLeaveManagement'.
src/components/leave/__tests__/LeaveBalance.test.tsx(104,15): error TS2304: Cannot find name 'useLeaveManagement'.
src/components/leave/__tests__/LeaveBalance.test.tsx(129,5): error TS2304: Cannot find name 'fireEvent'.
src/components/leave/__tests__/LeaveCalendar.test.tsx(194,15): error TS2304: Cannot find name 'useLeaveManagement'.
src/components/leave/__tests__/LeaveCalendar.test.tsx(209,15): error TS2304: Cannot find name 'useLeaveManagement'.
src/components/leave/__tests__/LeaveList.test.tsx(2,27): error TS2307: Cannot find module '../LeaveList' or its corresponding type declarations.
src/components/leave/__tests__/LeaveList.test.tsx(78,15): error TS2304: Cannot find name 'useLeaveManagement'.
src/components/leave/__tests__/LeaveList.test.tsx(93,15): error TS2304: Cannot find name 'useLeaveManagement'.
src/components/leave/__tests__/LeaveList.test.tsx(111,5): error TS2304: Cannot find name 'fireEvent'.
src/components/leave/__tests__/LeaveList.test.tsx(114,5): error TS2304: Cannot find name 'fireEvent'.
src/components/leave/__tests__/LeaveRequestForm.test.tsx(19,27): error TS2322: Type '{ onSuccess: Mock<Procedure>; onCancel: Mock<Procedure>; }' is not assignable to type 'IntrinsicAttributes & LeaveRequestFormProps'.
  Property 'onSuccess' does not exist on type 'IntrinsicAttributes & LeaveRequestFormProps'.
src/components/leave/BulkApprovalInterface.tsx(73,71): error TS2322: Type 'string' is not assignable to type 'string[]'.
src/components/leave/index.ts(2,57): error TS2307: Cannot find module './ComprehensiveLeaveManagement' or its corresponding type declarations.
src/components/leave/LeaveCalendar.tsx(222,82): error TS7006: Parameter 'leave' implicitly has an 'any' type.
src/components/leave/LeaveRequestList.tsx(406,21): error TS2322: Type 'Date | null' is not assignable to type 'PickerValue | undefined'.
  Type 'Date' is missing the following properties from type 'Dayjs': clone, isValid, year, month, and 22 more.
src/components/leave/LeaveRequestList.tsx(407,60): error TS2345: Argument of type 'PickerValue' is not assignable to parameter of type 'SetStateAction<Date | null>'.
  Type 'Dayjs' is not assignable to type 'SetStateAction<Date | null>'.
    Type 'Dayjs' is missing the following properties from type 'Date': toDateString, toTimeString, toLocaleDateString, toLocaleTimeString, and 35 more.
src/components/leave/LeaveRequestList.tsx(414,21): error TS2322: Type 'Date | null' is not assignable to type 'PickerValue | undefined'.
src/components/leave/LeaveRequestList.tsx(415,58): error TS2345: Argument of type 'PickerValue' is not assignable to parameter of type 'SetStateAction<Date | null>'.
src/components/leave/LeaveRequestList.tsx(534,19): error TS2322: Type '{ key: string; request: LeaveRequest; onEdit: ((request: LeaveRequest) => void) | undefined; showActions: boolean; showEmployeeInfo: boolean; onClick: (() => void) | undefined; sx: { ...; }; }' is not assignable to type 'IntrinsicAttributes & LeaveRequestCardProps'.
  Property 'onClick' does not exist on type 'IntrinsicAttributes & LeaveRequestCardProps'.
